This is XeTeX, Version 3.141592653-2.6-0.999995 (MiKTeX 23.10) (preloaded format=xelatex 2023.12.5)  16 JAN 2024 21:39
entering extended mode
 restricted \write18 enabled.
 %&-line parsing enabled.
**./main.tex
(main.tex
LaTeX2e <2023-06-01> patch level 1
L3 programming layer <2023-08-29>
(setup.tex (vkr.cls
Document Class: vkr VKR class
(C:\Users\SadCat\AppData\Local\Programs\MiKTeX\tex/latex/fontspec\fontspec.sty
(C:\Users\SadCat\AppData\Local\Programs\MiKTeX\tex/latex/l3packages/xparse\xpar
se.sty
(C:\Users\SadCat\AppData\Local\Programs\MiKTeX\tex/latex/l3kernel\expl3.sty
Package: expl3 2023-08-29 L3 programming layer (loader) 

(C:\Users\SadCat\AppData\Local\Programs\MiKTeX\tex/latex/l3backend\l3backend-xe
tex.def
File: l3backend-xetex.def 2023-04-19 L3 backend support: XeTeX
\g__graphics_track_int=\count181
\l__pdf_internal_box=\box51
\g__pdf_backend_object_int=\count182
\g__pdf_backend_annotation_int=\count183
\g__pdf_backend_link_int=\count184
))
Package: xparse 2023-08-29 L3 Experimental document command parser
)
Package: fontspec 2022/01/15 v2.8a Font selection for XeLaTeX and LuaLaTeX

(C:\Users\SadCat\AppData\Local\Programs\MiKTeX\tex/latex/fontspec\fontspec-xete
x.sty
Package: fontspec-xetex 2022/01/15 v2.8a Font selection for XeLaTeX and LuaLaTe
X
\l__fontspec_script_int=\count185
\l__fontspec_language_int=\count186
\l__fontspec_strnum_int=\count187
\l__fontspec_tmp_int=\count188
\l__fontspec_tmpa_int=\count189
\l__fontspec_tmpb_int=\count190
\l__fontspec_tmpc_int=\count191
\l__fontspec_em_int=\count192
\l__fontspec_emdef_int=\count193
\l__fontspec_strong_int=\count194
\l__fontspec_strongdef_int=\count195
\l__fontspec_tmpa_dim=\dimen140
\l__fontspec_tmpb_dim=\dimen141
\l__fontspec_tmpc_dim=\dimen142
 (C:\Users\SadCat\AppData\Local\Programs\MiKTeX\tex/latex/base\fontenc.sty
Package: fontenc 2021/04/29 v2.0v Standard LaTeX package
)
(C:\Users\SadCat\AppData\Local\Programs\MiKTeX\tex/latex/fontspec\fontspec.cfg)
))

Package fontspec Info: Font family 'TimesNewRoman(0)' created for font 'Times
(fontspec)             New Roman' with options [Ligatures=TeX].
(fontspec)              
(fontspec)              This font family consists of the following NFSS
(fontspec)             series/shapes:
(fontspec)              
(fontspec)             - 'normal' (m/n) with NFSS spec.: <->"Times New
(fontspec)             Roman/OT:script=latn;language=dflt;mapping=tex-text;"
(fontspec)             - 'small caps'  (m/sc) with NFSS spec.: <->"Times New
(fontspec)             Roman/OT:script=latn;language=dflt;+smcp;mapping=tex-tex
t;"
(fontspec)             - 'bold' (b/n) with NFSS spec.: <->"Times New
(fontspec)             Roman/B/OT:script=latn;language=dflt;mapping=tex-text;"
(fontspec)             - 'bold small caps'  (b/sc) with NFSS spec.: <->"Times
(fontspec)             New
(fontspec)             Roman/B/OT:script=latn;language=dflt;+smcp;mapping=tex-t
ext;"
(fontspec)             - 'italic' (m/it) with NFSS spec.: <->"Times New
(fontspec)             Roman/I/OT:script=latn;language=dflt;mapping=tex-text;"
(fontspec)             - 'italic small caps'  (m/scit) with NFSS spec.:
(fontspec)             <->"Times New
(fontspec)             Roman/I/OT:script=latn;language=dflt;+smcp;mapping=tex-t
ext;"
(fontspec)             - 'bold italic' (b/it) with NFSS spec.: <->"Times New
(fontspec)             Roman/BI/OT:script=latn;language=dflt;mapping=tex-text;"

(fontspec)             - 'bold italic small caps'  (b/scit) with NFSS spec.:
(fontspec)             <->"Times New
(fontspec)             Roman/BI/OT:script=latn;language=dflt;+smcp;mapping=tex-
text;"

\pagetop=\skip48
\pagebottom=\skip49
\pageleft=\skip50
\pageright=\skip51
\pwidth=\skip52
\pheight=\skip53
\saved@arstrutbox=\box52
\c@section=\count196
\c@subsection=\count197
\c@subsubsection=\count198
\c@paragraph=\count199
\c@figure=\count266
\c@figurecnt=\count267
\abovecaptionskip=\skip54
\belowcaptionskip=\skip55
\c@table=\count268
\c@tablecnt=\count269
\c@lastpage=\count270
\c@числоПлакатов=\count271
\c@bibcount=\count272
) (C:\Users\SadCat\AppData\Local\Programs\MiKTeX\tex/generic/babel\babel.sty
Package: babel 2023/09/29 v3.95 The Babel package
\babel@savecnt=\count273
\U@D=\dimen143
\l@unhyphenated=\language79

(C:\Users\SadCat\AppData\Local\Programs\MiKTeX\tex/generic/babel\xebabel.def)
\bbl@readstream=\read2
\bbl@dirlevel=\count274

*************************************
* Local config file bblopts.cfg used
*
(C:\Users\SadCat\AppData\Local\Programs\MiKTeX\tex/latex/arabi\bblopts.cfg
File: bblopts.cfg 2005/09/08 v0.1 add Arabic and Farsi to "declared" options of
 babel
)
(C:\Users\SadCat\AppData\Local\Programs\MiKTeX\tex/latex/babel-english\english.
ldf
Language: english 2017/06/06 v3.3r English support from the babel system
Package babel Info: Hyphen rules for 'canadian' set to \l@english
(babel)             (\language0). Reported on input line 102.
Package babel Info: Hyphen rules for 'australian' set to \l@ukenglish
(babel)             (\language73). Reported on input line 105.
Package babel Info: Hyphen rules for 'newzealand' set to \l@ukenglish
(babel)             (\language73). Reported on input line 108.
)
(C:\Users\SadCat\AppData\Local\Programs\MiKTeX\tex/latex/babel-russian\russianb
.ldf
File: russianb.ldf 2021/01/10 1.3m Russian support for the Babel system
Language: russian 2020/09/09 1.3k Russian support for the Babel system
Package babel Info: Making " an active character on input line 124.
Package babel Info: Default for \cyrdash is provided on input line 163.
))
(C:\Users\SadCat\AppData\Local\Programs\MiKTeX\tex/generic/babel/locale/ru\babe
l-russian.tex
Package babel Info: Importing font and identification data for russian
(babel)             from babel-ru.ini. Reported on input line 11.
)
(C:\Users\SadCat\AppData\Local\Programs\MiKTeX\tex/generic/babel/locale/en\babe
l-english.tex
Package babel Info: Importing font and identification data for english
(babel)             from babel-en.ini. Reported on input line 11.
)
(C:\Users\SadCat\AppData\Local\Programs\MiKTeX\tex/latex/graphics\graphicx.sty
Package: graphicx 2021/09/16 v1.2d Enhanced LaTeX Graphics (DPC,SPQR)

(C:\Users\SadCat\AppData\Local\Programs\MiKTeX\tex/latex/graphics\keyval.sty
Package: keyval 2022/05/29 v1.15 key=value parser (DPC)
\KV@toks@=\toks17
)
(C:\Users\SadCat\AppData\Local\Programs\MiKTeX\tex/latex/graphics\graphics.sty
Package: graphics 2022/03/10 v1.4e Standard LaTeX Graphics (DPC,SPQR)

(C:\Users\SadCat\AppData\Local\Programs\MiKTeX\tex/latex/graphics\trig.sty
Package: trig 2021/08/11 v1.11 sin cos tan (DPC)
)
(C:\Users\SadCat\AppData\Local\Programs\MiKTeX\tex/latex/graphics-cfg\graphics.
cfg
File: graphics.cfg 2016/06/04 v1.11 sample graphics configuration
)
Package graphics Info: Driver file: xetex.def on input line 107.

(C:\Users\SadCat\AppData\Local\Programs\MiKTeX\tex/latex/graphics-def\xetex.def
File: xetex.def 2022/09/22 v5.0n Graphics/color driver for xetex
))
\Gin@req@height=\dimen144
\Gin@req@width=\dimen145
)
(C:\Users\SadCat\AppData\Local\Programs\MiKTeX\tex/latex/hyperref\hyperref.sty
Package: hyperref 2023-07-08 v7.01b Hypertext links for LaTeX

(C:\Users\SadCat\AppData\Local\Programs\MiKTeX\tex/generic/ltxcmds\ltxcmds.sty
Package: ltxcmds 2020-05-10 v1.25 LaTeX kernel commands for general use (HO)
) (C:\Users\SadCat\AppData\Local\Programs\MiKTeX\tex/generic/iftex\iftex.sty
Package: iftex 2022/02/03 v1.0f TeX engine tests
)
(C:\Users\SadCat\AppData\Local\Programs\MiKTeX\tex/generic/pdftexcmds\pdftexcmd
s.sty
Package: pdftexcmds 2020-06-27 v0.33 Utility functions of pdfTeX for LuaTeX (HO
)

(C:\Users\SadCat\AppData\Local\Programs\MiKTeX\tex/generic/infwarerr\infwarerr.
sty
Package: infwarerr 2019/12/03 v1.5 Providing info/warning/error messages (HO)
)
Package pdftexcmds Info: \pdf@primitive is available.
Package pdftexcmds Info: \pdf@ifprimitive is available.
Package pdftexcmds Info: \pdfdraftmode not found.
)
(C:\Users\SadCat\AppData\Local\Programs\MiKTeX\tex/latex/kvsetkeys\kvsetkeys.st
y
Package: kvsetkeys 2022-10-05 v1.19 Key value parser (HO)
)
(C:\Users\SadCat\AppData\Local\Programs\MiKTeX\tex/generic/kvdefinekeys\kvdefin
ekeys.sty
Package: kvdefinekeys 2019-12-19 v1.6 Define keys (HO)
)
(C:\Users\SadCat\AppData\Local\Programs\MiKTeX\tex/generic/pdfescape\pdfescape.
sty
Package: pdfescape 2019/12/09 v1.15 Implements pdfTeX's escape features (HO)
)
(C:\Users\SadCat\AppData\Local\Programs\MiKTeX\tex/latex/hycolor\hycolor.sty
Package: hycolor 2020-01-27 v1.10 Color options for hyperref/bookmark (HO)
)
(C:\Users\SadCat\AppData\Local\Programs\MiKTeX\tex/latex/letltxmacro\letltxmacr
o.sty
Package: letltxmacro 2019/12/03 v1.6 Let assignment for LaTeX macros (HO)
)
(C:\Users\SadCat\AppData\Local\Programs\MiKTeX\tex/latex/auxhook\auxhook.sty
Package: auxhook 2019-12-17 v1.6 Hooks for auxiliary files (HO)
)
(C:\Users\SadCat\AppData\Local\Programs\MiKTeX\tex/latex/hyperref\nameref.sty
Package: nameref 2023-08-07 v2.53 Cross-referencing by name of section

(C:\Users\SadCat\AppData\Local\Programs\MiKTeX\tex/latex/refcount\refcount.sty
Package: refcount 2019/12/15 v3.6 Data extraction from label references (HO)
)
(C:\Users\SadCat\AppData\Local\Programs\MiKTeX\tex/generic/gettitlestring\getti
tlestring.sty
Package: gettitlestring 2019/12/15 v1.6 Cleanup title references (HO)

(C:\Users\SadCat\AppData\Local\Programs\MiKTeX\tex/latex/kvoptions\kvoptions.st
y
Package: kvoptions 2022-06-15 v3.15 Key value format for package options (HO)
))
\c@section@level=\count275
)
(C:\Users\SadCat\AppData\Local\Programs\MiKTeX\tex/latex/etoolbox\etoolbox.sty
Package: etoolbox 2020/10/05 v2.5k e-TeX tools for LaTeX (JAW)
\etb@tempcnta=\count276
)
\@linkdim=\dimen146
\Hy@linkcounter=\count277
\Hy@pagecounter=\count278
(C:\Users\SadCat\AppData\Local\Programs\MiKTeX\tex/latex/hyperref\pd1enc.def
File: pd1enc.def 2023-07-08 v7.01b Hyperref: PDFDocEncoding definition (HO)
)
(C:\Users\SadCat\AppData\Local\Programs\MiKTeX\tex/generic/intcalc\intcalc.sty
Package: intcalc 2019/12/15 v1.3 Expandable calculations with integers (HO)
)
\Hy@SavedSpaceFactor=\count279
(C:\Users\SadCat\AppData\Local\Programs\MiKTeX\tex/latex/hyperref\puenc.def
File: puenc.def 2023-07-08 v7.01b Hyperref: PDF Unicode definition (HO)
)
Package hyperref Info: Option `unicode' set `true' on input line 3153.
Package hyperref Info: Hyper figures OFF on input line 4167.
Package hyperref Info: Link nesting OFF on input line 4172.
Package hyperref Info: Hyper index ON on input line 4175.
Package hyperref Info: Plain pages OFF on input line 4182.
Package hyperref Info: Backreferencing OFF on input line 4187.
Package hyperref Info: Implicit mode ON; LaTeX internals redefined.
Package hyperref Info: Bookmarks ON on input line 4434.
\c@Hy@tempcnt=\count280

(C:\Users\SadCat\AppData\Local\Programs\MiKTeX\tex/latex/url\url.sty
\Urlmuskip=\muskip16
Package: url 2013/09/16  ver 3.4  Verb mode for urls, etc.
)
LaTeX Info: Redefining \url on input line 4772.
\XeTeXLinkMargin=\dimen147

(C:\Users\SadCat\AppData\Local\Programs\MiKTeX\tex/generic/bitset\bitset.sty
Package: bitset 2019/12/09 v1.3 Handle bit-vector datatype (HO)

(C:\Users\SadCat\AppData\Local\Programs\MiKTeX\tex/generic/bigintcalc\bigintcal
c.sty
Package: bigintcalc 2019/12/15 v1.5 Expandable calculations on big integers (HO
)
))
\Fld@menulength=\count281
\Field@Width=\dimen148
\Fld@charsize=\dimen149
Package hyperref Info: Hyper figures OFF on input line 6051.
Package hyperref Info: Link nesting OFF on input line 6056.
Package hyperref Info: Hyper index ON on input line 6059.
Package hyperref Info: backreferencing OFF on input line 6066.
Package hyperref Info: Link coloring OFF on input line 6071.
Package hyperref Info: Link coloring with OCG OFF on input line 6076.
Package hyperref Info: PDF/A mode OFF on input line 6081.

(C:\Users\SadCat\AppData\Local\Programs\MiKTeX\tex/latex/base\atbegshi-ltx.sty
Package: atbegshi-ltx 2021/01/10 v1.0c Emulation of the original atbegshi
package with kernel methods
)
\Hy@abspage=\count282
\c@Item=\count283
\c@Hfootnote=\count284
)
Package hyperref Info: Driver (autodetected): hxetex.
 (C:\Users\SadCat\AppData\Local\Programs\MiKTeX\tex/latex/hyperref\hxetex.def
File: hxetex.def 2023-07-08 v7.01b Hyperref driver for XeTeX

(C:\Users\SadCat\AppData\Local\Programs\MiKTeX\tex/generic/stringenc\stringenc.
sty
Package: stringenc 2019/11/29 v1.12 Convert strings between diff. encodings (HO
)
)
\pdfm@box=\box53
\c@Hy@AnnotLevel=\count285
\HyField@AnnotCount=\count286
\Fld@listcount=\count287
\c@bookmark@seq@number=\count288

(C:\Users\SadCat\AppData\Local\Programs\MiKTeX\tex/latex/rerunfilecheck\rerunfi
lecheck.sty
Package: rerunfilecheck 2022-07-10 v1.10 Rerun checks for auxiliary files (HO)

(C:\Users\SadCat\AppData\Local\Programs\MiKTeX\tex/latex/base\atveryend-ltx.sty
Package: atveryend-ltx 2020/08/19 v1.0a Emulation of the original atveryend pac
kage
with kernel methods
)
(C:\Users\SadCat\AppData\Local\Programs\MiKTeX\tex/generic/uniquecounter\unique
counter.sty
Package: uniquecounter 2019/12/15 v1.4 Provide unlimited unique counter (HO)
)
Package uniquecounter Info: New unique counter `rerunfilecheck' on input line 2
85.
)
\Hy@SectionHShift=\skip56
)
(C:\Users\SadCat\AppData\Local\Programs\MiKTeX\tex/latex/float\float.sty
Package: float 2001/11/08 v1.3d Float enhancements (AL)
\c@float@type=\count289
\float@exts=\toks18
\float@box=\box54
\@float@everytoks=\toks19
\@floatcapt=\box55
)
(C:\Users\SadCat\AppData\Local\Programs\MiKTeX\tex/latex/pdflscape\pdflscape.st
y
Package: pdflscape 2022-10-27 v0.13 Display of landscape pages in PDF

(C:\Users\SadCat\AppData\Local\Programs\MiKTeX\tex/latex/pdflscape\pdflscape-no
metadata.sty
Package: pdflscape-nometadata 2022-10-28 v0.13 Display of landscape pages in PD
F (HO)

(C:\Users\SadCat\AppData\Local\Programs\MiKTeX\tex/latex/graphics\lscape.sty
Package: lscape 2020/05/28 v3.02 Landscape Pages (DPC)
)
Package pdflscape Info: Auto-detected driver: dvipdfm (xetex) on input line 98.

))
(C:\Users\SadCat\AppData\Local\Programs\MiKTeX\tex/latex/xltabular\xltabular.st
y
Package: xltabular 2020/11/04 v0.2e `xltabular' package (hv,RN)
 (C:\Users\SadCat\AppData\Local\Programs\MiKTeX\tex/latex/tools\tabularx.sty
Package: tabularx 2020/01/15 v2.11c `tabularx' package (DPC)

(C:\Users\SadCat\AppData\Local\Programs\MiKTeX\tex/latex/tools\array.sty
Package: array 2022/09/04 v2.5g Tabular extension package (FMi)
\col@sep=\dimen150
\ar@mcellbox=\box56
\extrarowheight=\dimen151
\NC@list=\toks20
\extratabsurround=\skip57
\backup@length=\skip58
\ar@cellbox=\box57
)
\TX@col@width=\dimen152
\TX@old@table=\dimen153
\TX@old@col=\dimen154
\TX@target=\dimen155
\TX@delta=\dimen156
\TX@cols=\count290
\TX@ftn=\toks21
)
(C:\Users\SadCat\AppData\Local\Programs\MiKTeX\tex/latex/ltablex\ltablex.sty
Package: ltablex 2014/08/13 v1.1 Modified tabularx

(C:\Users\SadCat\AppData\Local\Programs\MiKTeX\tex/latex/tools\longtable.sty
Package: longtable 2021-09-01 v4.17 Multi-page Table package (DPC)
\LTleft=\skip59
\LTright=\skip60
\LTpre=\skip61
\LTpost=\skip62
\LTchunksize=\count291
\LTcapwidth=\dimen157
\LT@head=\box58
\LT@firsthead=\box59
\LT@foot=\box60
\LT@lastfoot=\box61
\LT@gbox=\box62
\LT@cols=\count292
\LT@rows=\count293
\c@LT@tables=\count294
\c@LT@chunks=\count295
\LT@p@ftn=\toks22
))) (C:\Users\SadCat\AppData\Local\Programs\MiKTeX\tex/latex/makecell\makecell.
sty
Package: makecell 2009/08/03 V0.1e Managing of Tab Column Heads and Cells
\rotheadsize=\dimen158
\c@nlinenum=\count296
\TeXr@lab=\toks23
)

Package array Warning: Redefining primitive column r on input line 16.

(C:\Users\SadCat\AppData\Local\Programs\MiKTeX\tex/latex/caption\caption.sty
Package: caption 2023/08/05 v3.6o Customizing captions (AR)

(C:\Users\SadCat\AppData\Local\Programs\MiKTeX\tex/latex/caption\caption3.sty
Package: caption3 2023/07/31 v2.4d caption3 kernel (AR)
\caption@tempdima=\dimen159
\captionmargin=\dimen160
\caption@leftmargin=\dimen161
\caption@rightmargin=\dimen162
\caption@width=\dimen163
\caption@indent=\dimen164
\caption@parindent=\dimen165
\caption@hangindent=\dimen166
Package caption Info: Unknown document class (or package),
(caption)             standard defaults will be used.
Package caption Info: \@makecaption = \long macro:#1#2->\vskip \abovecaptionski
p \sbox \@tempboxa {#1 -- #2}\ifdim \wd \@tempboxa >\hsize #1 -- #2\par \else \
global \@minipagefalse \if \instring {Таб}{#1} \hb@xt@ \hsize {\box \@tempboxa 
\hfil }\else \hb@xt@ \hsize {\hfil \box \@tempboxa \hfil }\fi \fi \vskip \below
captionskip  on input line 1175.
)

Package caption Warning: Unknown document class (or package),
(caption)                standard defaults will be used.
See the caption package documentation for explanation.

\c@caption@flags=\count297
\c@continuedfloat=\count298
Package caption Info: float package is loaded.
Package caption Info: hyperref package is loaded.
Package caption Info: longtable package is loaded.
(C:\Users\SadCat\AppData\Local\Programs\MiKTeX\tex/latex/caption\ltcaption.sty
Package: ltcaption 2021/01/08 v1.4c longtable captions (AR)
)) (C:\Users\SadCat\AppData\Local\Programs\MiKTeX\tex/latex/tools\verbatim.sty
Package: verbatim 2022-07-02 v1.5u LaTeX2e package for verbatim enhancements
\every@verbatim=\toks24
\verbatim@line=\toks25
\verbatim@in@stream=\read3
)
(C:\Users\SadCat\AppData\Local\Programs\MiKTeX\tex/latex/enumitem\enumitem.sty
Package: enumitem 2019/06/20 v3.9 Customized lists
\labelindent=\skip63
\enit@outerparindent=\dimen167
\enit@toks=\toks26
\enit@inbox=\box63
\enit@count@id=\count299
\enitdp@description=\count300
) (C:\Users\SadCat\AppData\Local\Programs\MiKTeX\tex/latex/graphics\color.sty
Package: color 2022/01/06 v1.3d Standard LaTeX Color (DPC)

(C:\Users\SadCat\AppData\Local\Programs\MiKTeX\tex/latex/graphics-cfg\color.cfg
File: color.cfg 2016/01/02 v1.6 sample color configuration
)
Package color Info: Driver file: xetex.def on input line 149.

(C:\Users\SadCat\AppData\Local\Programs\MiKTeX\tex/latex/graphics\mathcolor.ltx
))
(C:\Users\SadCat\AppData\Local\Programs\MiKTeX\tex/latex/listings\listings.sty
\lst@mode=\count301
\lst@gtempboxa=\box64
\lst@token=\toks27
\lst@length=\count302
\lst@currlwidth=\dimen168
\lst@column=\count303
\lst@pos=\count304
\lst@lostspace=\dimen169
\lst@width=\dimen170
\lst@newlines=\count305
\lst@lineno=\count306
\lst@maxwidth=\dimen171

(C:\Users\SadCat\AppData\Local\Programs\MiKTeX\tex/latex/listings\lstmisc.sty
File: lstmisc.sty 2023/02/27 1.9 (Carsten Heinz)
\c@lstnumber=\count307
\lst@skipnumbers=\count308
\lst@framebox=\box65
)
(C:\Users\SadCat\AppData\Local\Programs\MiKTeX\tex/latex/listings\listings.cfg
File: listings.cfg 2023/02/27 1.9 listings configuration
))
Package: listings 2023/02/27 1.9 (Carsten Heinz)

Package fontspec Info: Font family 'Verdana(0)' created for font 'Verdana'
(fontspec)             with options
(fontspec)             [WordSpace={1,0,0},HyphenChar=None,PunctuationSpace=Word
Space,Scale=0.7].
(fontspec)              
(fontspec)              This font family consists of the following NFSS
(fontspec)             series/shapes:
(fontspec)              
(fontspec)             - 'normal' (m/n) with NFSS spec.:
(fontspec)             <->s*[0.7]"Verdana/OT:script=latn;language=dflt;"
(fontspec)             - 'small caps'  (m/sc) with NFSS spec.:
(fontspec)             <->s*[0.7]"Verdana/OT:script=latn;language=dflt;+smcp;"
(fontspec)             and font adjustment code:
(fontspec)             \fontdimen 2\font =1\fontdimen 2\font \fontdimen 3\font
(fontspec)             =0\fontdimen 3\font \fontdimen 4\font =0\fontdimen
(fontspec)             4\font \fontdimen 7\font =0\fontdimen 2\font
(fontspec)             \tex_hyphenchar:D \font =-1\scan_stop: 
(fontspec)             - 'bold' (b/n) with NFSS spec.:
(fontspec)             <->s*[0.7]"Verdana/B/OT:script=latn;language=dflt;"
(fontspec)             - 'bold small caps'  (b/sc) with NFSS spec.:
(fontspec)             <->s*[0.7]"Verdana/B/OT:script=latn;language=dflt;+smcp;
"
(fontspec)             and font adjustment code:
(fontspec)             \fontdimen 2\font =1\fontdimen 2\font \fontdimen 3\font
(fontspec)             =0\fontdimen 3\font \fontdimen 4\font =0\fontdimen
(fontspec)             4\font \fontdimen 7\font =0\fontdimen 2\font
(fontspec)             \tex_hyphenchar:D \font =-1\scan_stop: 
(fontspec)             - 'italic' (m/it) with NFSS spec.:
(fontspec)             <->s*[0.7]"Verdana/I/OT:script=latn;language=dflt;"
(fontspec)             - 'italic small caps'  (m/scit) with NFSS spec.:
(fontspec)             <->s*[0.7]"Verdana/I/OT:script=latn;language=dflt;+smcp;
"
(fontspec)             and font adjustment code:
(fontspec)             \fontdimen 2\font =1\fontdimen 2\font \fontdimen 3\font
(fontspec)             =0\fontdimen 3\font \fontdimen 4\font =0\fontdimen
(fontspec)             4\font \fontdimen 7\font =0\fontdimen 2\font
(fontspec)             \tex_hyphenchar:D \font =-1\scan_stop: 
(fontspec)             - 'bold italic' (b/it) with NFSS spec.:
(fontspec)             <->s*[0.7]"Verdana/BI/OT:script=latn;language=dflt;"
(fontspec)             - 'bold italic small caps'  (b/scit) with NFSS spec.:
(fontspec)             <->s*[0.7]"Verdana/BI/OT:script=latn;language=dflt;+smcp
;"
(fontspec)             and font adjustment code:
(fontspec)             \fontdimen 2\font =1\fontdimen 2\font \fontdimen 3\font
(fontspec)             =0\fontdimen 3\font \fontdimen 4\font =0\fontdimen
(fontspec)             4\font \fontdimen 7\font =0\fontdimen 2\font
(fontspec)             \tex_hyphenchar:D \font =-1\scan_stop: 


(C:\Users\SadCat\AppData\Local\Programs\MiKTeX\tex/latex/listings\lstlang1.sty
File: lstlang1.sty 2023/02/27 1.9 listings language file
) (C:\Users\SadCat\AppData\Local\Programs\MiKTeX\tex/latex/listings\lstmisc.sty
File: lstmisc.sty 2023/02/27 1.9 (Carsten Heinz)
)) (main.aux

LaTeX Warning: Label `hill2019' multiply defined.

)
\openout1 = `main.aux'.

LaTeX Font Info:    Checking defaults for OML/cmm/m/it on input line 31.
LaTeX Font Info:    ... okay on input line 31.
LaTeX Font Info:    Checking defaults for OMS/cmsy/m/n on input line 31.
LaTeX Font Info:    ... okay on input line 31.
LaTeX Font Info:    Checking defaults for OT1/cmr/m/n on input line 31.
LaTeX Font Info:    ... okay on input line 31.
LaTeX Font Info:    Checking defaults for T1/cmr/m/n on input line 31.
LaTeX Font Info:    ... okay on input line 31.
LaTeX Font Info:    Checking defaults for TS1/cmr/m/n on input line 31.
LaTeX Font Info:    Trying to load font information for TS1+cmr on input line 3
1.
 (C:\Users\SadCat\AppData\Local\Programs\MiKTeX\tex/latex/base\ts1cmr.fd
File: ts1cmr.fd 2023/04/13 v2.5m Standard LaTeX font definitions
)
LaTeX Font Info:    ... okay on input line 31.
LaTeX Font Info:    Checking defaults for TU/lmr/m/n on input line 31.
LaTeX Font Info:    ... okay on input line 31.
LaTeX Font Info:    Checking defaults for OMX/cmex/m/n on input line 31.
LaTeX Font Info:    ... okay on input line 31.
LaTeX Font Info:    Checking defaults for U/cmr/m/n on input line 31.
LaTeX Font Info:    ... okay on input line 31.
LaTeX Font Info:    Checking defaults for PD1/pdf/m/n on input line 31.
LaTeX Font Info:    ... okay on input line 31.
LaTeX Font Info:    Checking defaults for PU/pdf/m/n on input line 31.
LaTeX Font Info:    ... okay on input line 31.

Package fontspec Info: Adjusting the maths setup (use [no-math] to avoid
(fontspec)             this).

\symlegacymaths=\mathgroup4
LaTeX Font Info:    Overwriting symbol font `legacymaths' in version `bold'
(Font)                  OT1/cmr/m/n --> OT1/cmr/bx/n on input line 31.
LaTeX Font Info:    Redeclaring math accent \acute on input line 31.
LaTeX Font Info:    Redeclaring math accent \grave on input line 31.
LaTeX Font Info:    Redeclaring math accent \ddot on input line 31.
LaTeX Font Info:    Redeclaring math accent \tilde on input line 31.
LaTeX Font Info:    Redeclaring math accent \bar on input line 31.
LaTeX Font Info:    Redeclaring math accent \breve on input line 31.
LaTeX Font Info:    Redeclaring math accent \check on input line 31.
LaTeX Font Info:    Redeclaring math accent \hat on input line 31.
LaTeX Font Info:    Redeclaring math accent \dot on input line 31.
LaTeX Font Info:    Redeclaring math accent \mathring on input line 31.
LaTeX Font Info:    Redeclaring math symbol \colon on input line 31.
LaTeX Font Info:    Redeclaring math symbol \Gamma on input line 31.
LaTeX Font Info:    Redeclaring math symbol \Delta on input line 31.
LaTeX Font Info:    Redeclaring math symbol \Theta on input line 31.
LaTeX Font Info:    Redeclaring math symbol \Lambda on input line 31.
LaTeX Font Info:    Redeclaring math symbol \Xi on input line 31.
LaTeX Font Info:    Redeclaring math symbol \Pi on input line 31.
LaTeX Font Info:    Redeclaring math symbol \Sigma on input line 31.
LaTeX Font Info:    Redeclaring math symbol \Upsilon on input line 31.
LaTeX Font Info:    Redeclaring math symbol \Phi on input line 31.
LaTeX Font Info:    Redeclaring math symbol \Psi on input line 31.
LaTeX Font Info:    Redeclaring math symbol \Omega on input line 31.
LaTeX Font Info:    Redeclaring math symbol \mathdollar on input line 31.
LaTeX Font Info:    Redeclaring symbol font `operators' on input line 31.
LaTeX Font Info:    Encoding `OT1' has changed to `TU' for symbol font
(Font)              `operators' in the math version `normal' on input line 31.
LaTeX Font Info:    Overwriting symbol font `operators' in version `normal'
(Font)                  OT1/cmr/m/n --> TU/TimesNewRoman(0)/m/n on input line 3
1.
LaTeX Font Info:    Encoding `OT1' has changed to `TU' for symbol font
(Font)              `operators' in the math version `bold' on input line 31.
LaTeX Font Info:    Overwriting symbol font `operators' in version `bold'
(Font)                  OT1/cmr/bx/n --> TU/TimesNewRoman(0)/m/n on input line 
31.
LaTeX Font Info:    Overwriting symbol font `operators' in version `normal'
(Font)                  TU/TimesNewRoman(0)/m/n --> TU/TimesNewRoman(0)/m/n on 
input line 31.
LaTeX Font Info:    Overwriting math alphabet `\mathit' in version `normal'
(Font)                  OT1/cmr/m/it --> TU/TimesNewRoman(0)/m/it on input line
 31.
LaTeX Font Info:    Overwriting math alphabet `\mathbf' in version `normal'
(Font)                  OT1/cmr/bx/n --> TU/TimesNewRoman(0)/b/n on input line 
31.
LaTeX Font Info:    Overwriting math alphabet `\mathsf' in version `normal'
(Font)                  OT1/cmss/m/n --> TU/lmss/m/n on input line 31.
LaTeX Font Info:    Overwriting math alphabet `\mathtt' in version `normal'
(Font)                  OT1/cmtt/m/n --> TU/Verdana(0)/m/n on input line 31.
LaTeX Font Info:    Overwriting symbol font `operators' in version `bold'
(Font)                  TU/TimesNewRoman(0)/m/n --> TU/TimesNewRoman(0)/b/n on 
input line 31.
LaTeX Font Info:    Overwriting math alphabet `\mathit' in version `bold'
(Font)                  OT1/cmr/bx/it --> TU/TimesNewRoman(0)/b/it on input lin
e 31.
LaTeX Font Info:    Overwriting math alphabet `\mathsf' in version `bold'
(Font)                  OT1/cmss/bx/n --> TU/lmss/b/n on input line 31.
LaTeX Font Info:    Overwriting math alphabet `\mathtt' in version `bold'
(Font)                  OT1/cmtt/m/n --> TU/Verdana(0)/b/n on input line 31.
LaTeX Info: Redefining \th on input line 31.
Package hyperref Info: Link coloring OFF on input line 31.

(main.out) (main.out)
\@outlinefile=\write3
\openout3 = `main.out'.

Package caption Info: Begin \AtBeginDocument code.
Package caption Info: listings package is loaded.
Package caption Info: End \AtBeginDocument code.
\c@lstlisting=\count309
LaTeX Font Info:    External font `cmex10' loaded for size
(Font)              <14.4> on input line 33.
LaTeX Font Info:    External font `cmex10' loaded for size
(Font)              <7> on input line 33.

Overfull \hbox (4.70218pt too wide) in paragraph at lines 33--33
[] 
 []


Overfull \hbox (4.70218pt too wide) in paragraph at lines 33--33
[]
 []


Underfull \hbox (badness 10000) in paragraph at lines 33--33

 []

[1] (ЛистЗадания.tex [2] [3] (main.lop)
\tf@lop=\write4
\openout4 = `main.lop'.


Overfull \hbox (4.70218pt too wide) in paragraph at lines 109--120
[][]
 []


Underfull \hbox (badness 10000) in paragraph at lines 109--120

 []

) (Реферат.tex [4]
\c=\count310
\last=\count311
\pnul=\count312
\c=\count313
\last=\count314
\pnul=\count315
\c=\count316
\last=\count317
\pnul=\count318
\c=\count319
\last=\count320
\pnul=\count321

Underfull \hbox (badness 3078) in paragraph at lines 5--6
[]\TU/TimesNewRoman(0)/m/n/14.4 Перечень ключевых слов: энергопотребление, упра
вление энерго-
 []


Underfull \hbox (badness 1087) in paragraph at lines 21--22
[]\TU/TimesNewRoman(0)/m/n/14.4 Разработанная программно-информационная система
 предоставляет
 []

[5] [6]
\c=\count322
\last=\count323
\pnul=\count324
\c=\count325
\last=\count326
\pnul=\count327
\c=\count328
\last=\count329
\pnul=\count330
\c=\count331
\last=\count332
\pnul=\count333
) [7] (main.toc [8])
\tf@toc=\write5
\openout5 = `main.toc'.

 (main.lpc)
\tf@lpc=\write6
\openout6 = `main.lpc'.

 (Обозначения.tex
Underfull \hbox (badness 1715) in paragraph at lines 1--1
\TU/TimesNewRoman(0)/m/n/14.4 Диаграмма прецедентов (Графический материал / Диа
грамма прецеден-
 []


Underfull \hbox (badness 3417) in paragraph at lines 1--1
\TU/TimesNewRoman(0)/m/n/14.4 Диаграмма размещения (Графический материал / Диаг
рамма размеще-
 []


Underfull \hbox (badness 1688) in paragraph at lines 1--1
\TU/TimesNewRoman(0)/m/n/14.4 Страница с диаграммой отображения данных помещени
я (Графический
 []


Underfull \hbox (badness 6032) in paragraph at lines 1--1
\TU/TimesNewRoman(0)/m/n/14.4 материал / Страница с диаграммой отображения данн
ых помещения
 []


Underfull \hbox (badness 1838) in paragraph at lines 1--1
\TU/TimesNewRoman(0)/m/n/14.4 Страница с добавления помещения компании (Графиче
ский материал /
 []


Underfull \hbox (badness 10000) in paragraph at lines 1--1

 []

[9] [10]) (Введение.tex [11] [12]
Underfull \hbox (badness 10000) in paragraph at lines 16--18
[]\TU/TimesNewRoman(0)/m/it/14.4 Цель данной работы \TU/TimesNewRoman(0)/m/n/14
.4 заключается в создании эффективной
 []


Underfull \hbox (badness 3646) in paragraph at lines 16--18
\TU/TimesNewRoman(0)/m/n/14.4 программно-информационной системы, способной мони
торинга, управ-
 []

\c=\count334
\last=\count335
\pnul=\count336
[13]) (Анализ.tex [14]
Underfull \hbox (badness 5548) in paragraph at lines 4--5
[]\TU/TimesNewRoman(0)/m/n/14.4 Энергопотребление в современных зданиях охватыв
ает широкий
 []

[15] [16] [17]
Underfull \hbox (badness 1558) in paragraph at lines 40--41
[]\TU/TimesNewRoman(0)/m/n/14.4 Современные умные технологии также включают в с
ебя системы
 []


Underfull \hbox (badness 10000) in paragraph at lines 42--42
[]\TU/TimesNewRoman(0)/b/n/14.4 1.5 Вызовы и требования к системе управления
 []

[18]) (ТехЗадание.tex [19]
Underfull \hbox (badness 1648) in paragraph at lines 8--9
[]\TU/TimesNewRoman(0)/m/n/14.4 Целью разработки программно-информационной сист
емы является
 []


Underfull \hbox (badness 10000) in paragraph at lines 18--18
[]\TU/TimesNewRoman(0)/b/n/14.4 2.3 Требования пользователя к интерфейсу програ
ммной
 []

[20]
Invalid UTF-8 byte or sequence at line 35 replaced by U+FFFD.
Invalid UTF-8 byte or sequence at line 35 replaced by U+FFFD.
Invalid UTF-8 byte or sequence at line 35 replaced by U+FFFD.
Invalid UTF-8 byte or sequence at line 35 replaced by U+FFFD.
Invalid UTF-8 byte or sequence at line 35 replaced by U+FFFD.
Invalid UTF-8 byte or sequence at line 35 replaced by U+FFFD.
Invalid UTF-8 byte or sequence at line 35 replaced by U+FFFD.
Invalid UTF-8 byte or sequence at line 35 replaced by U+FFFD.
File: images/templ1.eps Graphic file (type eps)
<images/templ1.eps>
 [21]
Invalid UTF-8 byte or sequence at line 43 replaced by U+FFFD.
Invalid UTF-8 byte or sequence at line 43 replaced by U+FFFD.
Invalid UTF-8 byte or sequence at line 43 replaced by U+FFFD.
Invalid UTF-8 byte or sequence at line 43 replaced by U+FFFD.
Invalid UTF-8 byte or sequence at line 43 replaced by U+FFFD.
Invalid UTF-8 byte or sequence at line 43 replaced by U+FFFD.
Invalid UTF-8 byte or sequence at line 43 replaced by U+FFFD.
Invalid UTF-8 byte or sequence at line 43 replaced by U+FFFD.
Invalid UTF-8 byte or sequence at line 43 replaced by U+FFFD.
Invalid UTF-8 byte or sequence at line 43 replaced by U+FFFD.
File: images/templ2.eps Graphic file (type eps)
<images/templ2.eps>
Invalid UTF-8 byte or sequence at line 51 replaced by U+FFFD.
Invalid UTF-8 byte or sequence at line 51 replaced by U+FFFD.
Invalid UTF-8 byte or sequence at line 51 replaced by U+FFFD.
Invalid UTF-8 byte or sequence at line 51 replaced by U+FFFD.
Invalid UTF-8 byte or sequence at line 51 replaced by U+FFFD.
Invalid UTF-8 byte or sequence at line 51 replaced by U+FFFD.
Invalid UTF-8 byte or sequence at line 51 replaced by U+FFFD.
Invalid UTF-8 byte or sequence at line 51 replaced by U+FFFD.
File: images/comp.eps Graphic file (type eps)
<images/comp.eps>
 [22] [23] [24]
Invalid UTF-8 byte or sequence at line 96 replaced by U+FFFD.
Invalid UTF-8 byte or sequence at line 96 replaced by U+FFFD.
Invalid UTF-8 byte or sequence at line 96 replaced by U+FFFD.
Invalid UTF-8 byte or sequence at line 96 replaced by U+FFFD.
Invalid UTF-8 byte or sequence at line 96 replaced by U+FFFD.
Invalid UTF-8 byte or sequence at line 96 replaced by U+FFFD.
File: images/precedent.eps Graphic file (type eps)
<images/precedent.eps>
 [25] [26]
Underfull \hbox (badness 2635) in paragraph at lines 150--151
[]\TU/TimesNewRoman(0)/m/it/14.4 Описание: \TU/TimesNewRoman(0)/m/n/14.4 Систем
а должна обрабатывать данные, полученные от
 []


Underfull \hbox (badness 6559) in paragraph at lines 163--164
\TU/TimesNewRoman(0)/m/n/14.4 лять работой системы, в том числе изменять параме
тры, добавлять
 []


Underfull \hbox (badness 6658) in paragraph at lines 163--164
\TU/TimesNewRoman(0)/m/n/14.4 новые устройства, и обеспечивать непрерывную рабо
ту программно-
 []

[27] [28]
Underfull \hbox (badness 10000) in paragraph at lines 229--229
[]\TU/TimesNewRoman(0)/b/n/14.4 2.4.4 Вариант использования «Просмотр статистик
и по
 []

[29]
Underfull \hbox (badness 1077) in paragraph at lines 235--236
[]\TU/TimesNewRoman(0)/m/n/14.4 Постусловие: Пользователь видит статистическую 
информацию по
 []


Underfull \hbox (badness 1077) in paragraph at lines 251--252
[]\TU/TimesNewRoman(0)/m/n/14.4 Постусловие: Пользователь видит статистическую 
информацию по
 []

[30]) (ТехПроект.tex [31] [32] [33]
Underfull \hbox (badness 10000) in paragraph at lines 24--24
[]\TU/TimesNewRoman(0)/b/n/14.4 3.2.1 Описание используемых технологий и языков

 []

[34] [35] [36]
Invalid UTF-8 byte or sequence at line 68 replaced by U+FFFD.
Invalid UTF-8 byte or sequence at line 68 replaced by U+FFFD.
Invalid UTF-8 byte or sequence at line 68 replaced by U+FFFD.
Invalid UTF-8 byte or sequence at line 68 replaced by U+FFFD.
Invalid UTF-8 byte or sequence at line 68 replaced by U+FFFD.
Invalid UTF-8 byte or sequence at line 68 replaced by U+FFFD.
File: images/compnew.eps Graphic file (type eps)
<images/compnew.eps>
 [37

]
Underfull \hbox (badness 6758) in paragraph at lines 103--104
[]\TU/TimesNewRoman(0)/m/n/14.4 Описание: Компонент, обрабатывающий логику прил
ожения и
 []

[38

] [39]
(C:\Users\SadCat\AppData\Local\Programs\MiKTeX\tex/latex/listings\lstlang1.sty
File: lstlang1.sty 2023/02/27 1.9 listings language file
)
LaTeX Font Info:    Font shape `TU/Verdana(0)/m/n' will be
(Font)              scaled to size 10.07994pt on input line 529.

Underfull \hbox (badness 1308) in paragraph at lines 559--560
[]\TU/TimesNewRoman(0)/m/n/14.4 Здесь STATIC-URL указывает префикс для статичес
ких файлов, а
 []

[40] [41]
Invalid UTF-8 byte or sequence at line 592 replaced by U+FFFD.
Invalid UTF-8 byte or sequence at line 592 replaced by U+FFFD.
Invalid UTF-8 byte or sequence at line 592 replaced by U+FFFD.
Invalid UTF-8 byte or sequence at line 592 replaced by U+FFFD.
Invalid UTF-8 byte or sequence at line 592 replaced by U+FFFD.
Invalid UTF-8 byte or sequence at line 592 replaced by U+FFFD.
Invalid UTF-8 byte or sequence at line 592 replaced by U+FFFD.
File: images/place.eps Graphic file (type eps)
<images/place.eps>
 [42

] [43

]
Underfull \hbox (badness 10000) in paragraph at lines 660--661
[]\TU/TimesNewRoman(0)/m/n/14.4 Атрибуты: company, room, floor, date,
 []


Underfull \hbox (badness 10000) in paragraph at lines 660--661
\TU/TimesNewRoman(0)/m/n/14.4 consumption_without_an_assistant, consumption_wit
h_an_assistant,
 []


Underfull \hbox (badness 10000) in paragraph at lines 660--661
\TU/TimesNewRoman(0)/m/n/14.4 total_amount_of_electricity_consumed_without_an_a
ssistant, total_amount_of
 []


Underfull \hbox (badness 10000) in paragraph at lines 660--661
\TU/TimesNewRoman(0)/m/n/14.4 _electricity_consumed_with_the_assistant, total_c
ost_without_an_assistant,
 []

[44]
Underfull \hbox (badness 2941) in paragraph at lines 695--696
[]\TU/TimesNewRoman(0)/m/n/14.4 Класс «InventoryItemsNumber»: Данный класс пред
назначен для
 []

[45]
Invalid UTF-8 byte or sequence at line 728 replaced by U+FFFD.
Invalid UTF-8 byte or sequence at line 728 replaced by U+FFFD.
Invalid UTF-8 byte or sequence at line 728 replaced by U+FFFD.
Invalid UTF-8 byte or sequence at line 728 replaced by U+FFFD.
Invalid UTF-8 byte or sequence at line 728 replaced by U+FFFD.
Invalid UTF-8 byte or sequence at line 728 replaced by U+FFFD.
Invalid UTF-8 byte or sequence at line 728 replaced by U+FFFD.
Invalid UTF-8 byte or sequence at line 728 replaced by U+FFFD.
Invalid UTF-8 byte or sequence at line 728 replaced by U+FFFD.
Invalid UTF-8 byte or sequence at line 728 replaced by U+FFFD.
File: images/classd111.eps Graphic file (type eps)
<images/classd111.eps>
 [46

]
Underfull \hbox (badness 8000) in paragraph at lines 774--774
[]|\TU/TimesNewRoman(0)/m/n/14.4 Компания, потреб-
 []


Underfull \hbox (badness 10000) in paragraph at lines 774--774
[]|\TU/TimesNewRoman(0)/m/n/14.4 Этаж, на кото-
 []


Underfull \hbox (badness 10000) in paragraph at lines 774--774
\TU/TimesNewRoman(0)/m/n/14.4 ром расположено
 []


Underfull \hbox (badness 10000) in paragraph at lines 774--774
[]|\TU/TimesNewRoman(0)/m/n/14.4 Дата, когда было
 []


Underfull \hbox (badness 10000) in paragraph at lines 774--774
[]|\TU/TimesNewRoman(0)/m/n/14.4 consumption-
 []


Underfull \hbox (badness 10000) in paragraph at lines 774--774
\TU/TimesNewRoman(0)/m/n/14.4 without-an-
 []


Underfull \hbox (badness 10000) in paragraph at lines 774--774
[]|\TU/TimesNewRoman(0)/m/n/14.4 Потребление элек-
 []


Underfull \hbox (badness 10000) in paragraph at lines 774--774
\TU/TimesNewRoman(0)/m/n/14.4 троэнергии без
 []


Underfull \hbox (badness 10000) in paragraph at lines 774--774
\TU/TimesNewRoman(0)/m/n/14.4 использования
 []


Underfull \hbox (badness 10000) in paragraph at lines 774--774
[]|\TU/TimesNewRoman(0)/m/n/14.4 consumption-with-
 []


Underfull \hbox (badness 10000) in paragraph at lines 774--774
[]|\TU/TimesNewRoman(0)/m/n/14.4 Потребление
 []


Underfull \hbox (badness 10000) in paragraph at lines 774--774
\TU/TimesNewRoman(0)/m/n/14.4 электроэнергии с
 []


Underfull \hbox (badness 10000) in paragraph at lines 774--774
\TU/TimesNewRoman(0)/m/n/14.4 использованием
 []


Underfull \hbox (badness 10000) in paragraph at lines 774--774
[]|\TU/TimesNewRoman(0)/m/n/14.4 total-amount-
 []


Underfull \hbox (badness 10000) in paragraph at lines 774--774
\TU/TimesNewRoman(0)/m/n/14.4 without-an-
 []


Underfull \hbox (badness 10000) in paragraph at lines 774--774
[]|\TU/TimesNewRoman(0)/m/n/14.4 Общее количе-
 []


Underfull \hbox (badness 5302) in paragraph at lines 774--774
\TU/TimesNewRoman(0)/m/n/14.4 ство потребляемой
 []


Underfull \hbox (badness 10000) in paragraph at lines 774--774
\TU/TimesNewRoman(0)/m/n/14.4 электричества без
 []


Underfull \hbox (badness 10000) in paragraph at lines 774--774
\TU/TimesNewRoman(0)/m/n/14.4 использования
 []


Underfull \hbox (badness 10000) in paragraph at lines 774--774
[]|\TU/TimesNewRoman(0)/m/n/14.4 total-amount-with-
 []


Underfull \hbox (badness 10000) in paragraph at lines 774--774
[]|\TU/TimesNewRoman(0)/m/n/14.4 Общее количество
 []


Underfull \hbox (badness 10000) in paragraph at lines 774--774
\TU/TimesNewRoman(0)/m/n/14.4 электричества,
 []


Underfull \hbox (badness 10000) in paragraph at lines 774--774
\TU/TimesNewRoman(0)/m/n/14.4 потребляемого с
 []


Underfull \hbox (badness 10000) in paragraph at lines 774--774
\TU/TimesNewRoman(0)/m/n/14.4 использованием
 []


Underfull \hbox (badness 10000) in paragraph at lines 774--774
[]|\TU/TimesNewRoman(0)/m/n/14.4 total-cost-without-
 []


Underfull \hbox (badness 10000) in paragraph at lines 774--774
[]|\TU/TimesNewRoman(0)/m/n/14.4 Общая стоимость
 []


Underfull \hbox (badness 10000) in paragraph at lines 774--774
\TU/TimesNewRoman(0)/m/n/14.4 потребления без
 []


Underfull \hbox (badness 10000) in paragraph at lines 774--774
\TU/TimesNewRoman(0)/m/n/14.4 использования
 []


Underfull \hbox (badness 10000) in paragraph at lines 774--774
[]|\TU/TimesNewRoman(0)/m/n/14.4 total-cost-with-an-
 []


Underfull \hbox (badness 10000) in paragraph at lines 774--774
[]|\TU/TimesNewRoman(0)/m/n/14.4 Общая стоимость
 []


Underfull \hbox (badness 10000) in paragraph at lines 774--774
\TU/TimesNewRoman(0)/m/n/14.4 потребления с
 []


Underfull \hbox (badness 10000) in paragraph at lines 774--774
\TU/TimesNewRoman(0)/m/n/14.4 использованием
 []


Underfull \hbox (badness 10000) in paragraph at lines 774--774
[]|\TU/TimesNewRoman(0)/m/n/14.4 Значение влажно-
 []


Underfull \hbox (badness 10000) in paragraph at lines 774--774
[]|\TU/TimesNewRoman(0)/m/n/14.4 Значение темпера-
 []


Underfull \hbox (badness 3895) in paragraph at lines 774--774
[]|\TU/TimesNewRoman(0)/m/n/14.4 Значение освещен-
 []

[47

] [48]
Underfull \hbox (badness 10000) in paragraph at lines 802--802
[]|\TU/TimesNewRoman(0)/m/n/14.4 Название ком-
 []


Underfull \hbox (badness 10000) in paragraph at lines 802--802
[]|\TU/TimesNewRoman(0)/m/n/14.4 Цвет, ассоци-
 []


Underfull \hbox (badness 10000) in paragraph at lines 802--802
\TU/TimesNewRoman(0)/m/n/14.4 ированный с
 []


Underfull \hbox (badness 10000) in paragraph at lines 802--802
[]|\TU/TimesNewRoman(0)/m/n/14.4 Расположение
 []


Underfull \hbox (badness 10000) in paragraph at lines 802--802
[]|\TU/TimesNewRoman(0)/m/n/14.4 number-of-
 []


Underfull \hbox (badness 1082) in paragraph at lines 802--802
[]|\TU/TimesNewRoman(0)/m/n/14.4 Количество со-
 []

[49]
Underfull \hbox (badness 10000) in paragraph at lines 828--828
[]|\TU/TimesNewRoman(0)/m/n/14.4 Предмет ин-
 []


Underfull \hbox (badness 10000) in paragraph at lines 828--828
[]|\TU/TimesNewRoman(0)/m/n/14.4 Помещение,
 []


Underfull \hbox (badness 10000) in paragraph at lines 828--828
\TU/TimesNewRoman(0)/m/n/14.4 в котором
 []


Underfull \hbox (badness 10000) in paragraph at lines 828--828
\TU/TimesNewRoman(0)/m/n/14.4 размещается
 []

[50]) (РабочийПроект.tex [51]
Underfull \hbox (badness 10000) in paragraph at lines 44--44
[]|\TU/TimesNewRoman(0)/m/n/14.4 Energy
 []


Overfull \hbox (5.26433pt too wide) in paragraph at lines 44--44
\TU/TimesNewRoman(0)/m/n/14.4 Consumption| 
 []


Underfull \hbox (badness 10000) in paragraph at lines 44--44
[]|\TU/TimesNewRoman(0)/m/n/14.4 Класс, отвечающий
 []


Underfull \hbox (badness 10000) in paragraph at lines 44--44
\TU/TimesNewRoman(0)/m/n/14.4 за учет и хранение
 []


Underfull \hbox (badness 10000) in paragraph at lines 44--44
\TU/TimesNewRoman(0)/m/n/14.4 энергии в зданиях.
 []


Underfull \hbox (badness 10000) in paragraph at lines 44--44
\TU/TimesNewRoman(0)/m/n/14.4 Атрибуты класса
 []


Underfull \hbox (badness 10000) in paragraph at lines 44--44
\TU/TimesNewRoman(0)/m/n/14.4 включают в себя
 []


Underfull \hbox (badness 10000) in paragraph at lines 44--44
\TU/TimesNewRoman(0)/m/n/14.4 информацию о ком-
 []


Underfull \hbox (badness 10000) in paragraph at lines 44--44
\TU/TimesNewRoman(0)/m/n/14.4 пании, помещении,
 []


Underfull \hbox (badness 10000) in paragraph at lines 44--44
\TU/TimesNewRoman(0)/m/n/14.4 этаже, дате, количе-
 []


Underfull \hbox (badness 10000) in paragraph at lines 44--44
\TU/TimesNewRoman(0)/m/n/14.4 стве потребленной
 []


Underfull \hbox (badness 3009) in paragraph at lines 44--44
\TU/TimesNewRoman(0)/m/n/14.4 энергии с и без ис-
 []


Underfull \hbox (badness 3930) in paragraph at lines 44--44
\TU/TimesNewRoman(0)/m/n/14.4 пользования системы
 []


Underfull \hbox (badness 10000) in paragraph at lines 44--44
\TU/TimesNewRoman(0)/m/n/14.4 управления, общей
 []


Underfull \hbox (badness 10000) in paragraph at lines 44--44
\TU/TimesNewRoman(0)/m/n/14.4 стоимости, а также
 []


Underfull \hbox (badness 10000) in paragraph at lines 44--44
\TU/TimesNewRoman(0)/m/n/14.4 дополнительные па-
 []


Underfull \hbox (badness 10000) in paragraph at lines 44--44
\TU/TimesNewRoman(0)/m/n/14.4 раметры, такие как
 []


Underfull \hbox (badness 10000) in paragraph at lines 44--44
\TU/TimesNewRoman(0)/m/n/14.4 влажность, темпера-
 []


Underfull \hbox (badness 10000) in paragraph at lines 44--44
\TU/TimesNewRoman(0)/m/n/14.4 обнаружение движе-
 []


Underfull \hbox (badness 10000) in paragraph at lines 44--44
[]|\TU/TimesNewRoman(0)/m/n/14.4 Метод __str__ обес-
 []


Underfull \hbox (badness 10000) in paragraph at lines 44--44
\TU/TimesNewRoman(0)/m/n/14.4 печивает читаемое
 []


Underfull \hbox (badness 2042) in paragraph at lines 44--44
\TU/TimesNewRoman(0)/m/n/14.4 представление объек-
 []


Underfull \hbox (badness 10000) in paragraph at lines 44--44
[]|\TU/TimesNewRoman(0)/m/n/14.4 Inventory
 []


Underfull \hbox (badness 10000) in paragraph at lines 44--44
\TU/TimesNewRoman(0)/m/n/14.4 Items
 []


Underfull \hbox (badness 5756) in paragraph at lines 44--44
[]|\TU/TimesNewRoman(0)/m/n/14.4 Класс, предназначен-
 []


Underfull \hbox (badness 3612) in paragraph at lines 44--44
\TU/TimesNewRoman(0)/m/n/14.4 ный для представле-
 []


Underfull \hbox (badness 1253) in paragraph at lines 44--44
\TU/TimesNewRoman(0)/m/n/14.4 ния предметов, нахо-
 []


Underfull \hbox (badness 10000) in paragraph at lines 44--44
[]|\TU/TimesNewRoman(0)/m/n/14.4 Метод __str__ обес-
 []


Underfull \hbox (badness 10000) in paragraph at lines 44--44
\TU/TimesNewRoman(0)/m/n/14.4 печивает читаемое
 []


Underfull \hbox (badness 2042) in paragraph at lines 44--44
\TU/TimesNewRoman(0)/m/n/14.4 представление объек-
 []


Underfull \hbox (badness 5832) in paragraph at lines 44--44
[]|\TU/TimesNewRoman(0)/m/n/14.4 Класс, используемый
 []


Underfull \hbox (badness 10000) in paragraph at lines 44--44
\TU/TimesNewRoman(0)/m/n/14.4 для представления
 []


Underfull \hbox (badness 10000) in paragraph at lines 44--44
\TU/TimesNewRoman(0)/m/n/14.4 компаний, исполь-
 []


Underfull \hbox (badness 10000) in paragraph at lines 44--44
\TU/TimesNewRoman(0)/m/n/14.4 зующих систему
 []


Underfull \hbox (badness 10000) in paragraph at lines 44--44
\TU/TimesNewRoman(0)/m/n/14.4 управления энер-
 []


Underfull \hbox (badness 10000) in paragraph at lines 44--44
\TU/TimesNewRoman(0)/m/n/14.4 гопотреблением.
 []


Underfull \hbox (badness 10000) in paragraph at lines 44--44
\TU/TimesNewRoman(0)/m/n/14.4 Атрибуты класса
 []


Underfull \hbox (badness 1478) in paragraph at lines 44--44
\TU/TimesNewRoman(0)/m/n/14.4 включают в себя на-
 []


Underfull \hbox (badness 10000) in paragraph at lines 44--44
\TU/TimesNewRoman(0)/m/n/14.4 для визуализации,
 []


Underfull \hbox (badness 10000) in paragraph at lines 44--44
\TU/TimesNewRoman(0)/m/n/14.4 тип объекта компа-
 []


Underfull \hbox (badness 10000) in paragraph at lines 44--44
\TU/TimesNewRoman(0)/m/n/14.4 нии и количество
 []


Underfull \hbox (badness 10000) in paragraph at lines 44--44
[]|\TU/TimesNewRoman(0)/m/n/14.4 Метод __str__ обес-
 []


Underfull \hbox (badness 10000) in paragraph at lines 44--44
\TU/TimesNewRoman(0)/m/n/14.4 печивает читаемое
 []


Underfull \hbox (badness 2042) in paragraph at lines 44--44
\TU/TimesNewRoman(0)/m/n/14.4 представление объек-
 []


Underfull \hbox (badness 10000) in paragraph at lines 44--44
[]|\TU/TimesNewRoman(0)/m/n/14.4 Класс, предназначен
 []


Underfull \hbox (badness 10000) in paragraph at lines 44--44
\TU/TimesNewRoman(0)/m/n/14.4 для представления
 []


Underfull \hbox (badness 10000) in paragraph at lines 44--44
[]|\TU/TimesNewRoman(0)/m/n/14.4 Метод __str__ обес-
 []


Underfull \hbox (badness 10000) in paragraph at lines 44--44
\TU/TimesNewRoman(0)/m/n/14.4 печивает читаемое
 []


Underfull \hbox (badness 2042) in paragraph at lines 44--44
\TU/TimesNewRoman(0)/m/n/14.4 представление объек-
 []


Underfull \hbox (badness 5832) in paragraph at lines 44--44
[]|\TU/TimesNewRoman(0)/m/n/14.4 Класс, используемый
 []


Underfull \hbox (badness 10000) in paragraph at lines 44--44
\TU/TimesNewRoman(0)/m/n/14.4 для представления
 []


Underfull \hbox (badness 10000) in paragraph at lines 44--44
\TU/TimesNewRoman(0)/m/n/14.4 электроэнергии,
 []


Underfull \hbox (badness 10000) in paragraph at lines 44--44
\TU/TimesNewRoman(0)/m/n/14.4 ляемой системой.
 []


Underfull \hbox (badness 10000) in paragraph at lines 44--44
\TU/TimesNewRoman(0)/m/n/14.4 Атрибуты класса
 []


Underfull \hbox (badness 10000) in paragraph at lines 44--44
\TU/TimesNewRoman(0)/m/n/14.4 включают в себя
 []


Underfull \hbox (badness 10000) in paragraph at lines 44--44
\TU/TimesNewRoman(0)/m/n/14.4 цену за единицу
 []


Underfull \hbox (badness 10000) in paragraph at lines 44--44
\TU/TimesNewRoman(0)/m/n/14.4 электроэнергии и
 []


Underfull \hbox (badness 10000) in paragraph at lines 44--44
\TU/TimesNewRoman(0)/m/n/14.4 объем потребленной
 []


Underfull \hbox (badness 10000) in paragraph at lines 44--44
[]|\TU/TimesNewRoman(0)/m/n/14.4 Метод __str__ обес-
 []


Underfull \hbox (badness 10000) in paragraph at lines 44--44
\TU/TimesNewRoman(0)/m/n/14.4 печивает читаемое
 []


Underfull \hbox (badness 2042) in paragraph at lines 44--44
\TU/TimesNewRoman(0)/m/n/14.4 представление объек-
 []


Underfull \hbox (badness 10000) in paragraph at lines 44--44
[]|\TU/TimesNewRoman(0)/m/n/14.4 Inventory
 []


Underfull \hbox (badness 10000) in paragraph at lines 44--44
[]|\TU/TimesNewRoman(0)/m/n/14.4 Класс, представ-
 []


Underfull \hbox (badness 10000) in paragraph at lines 44--44
\TU/TimesNewRoman(0)/m/n/14.4 ляющий предметы
 []


Underfull \hbox (badness 5578) in paragraph at lines 44--44
\TU/TimesNewRoman(0)/m/n/14.4 инвентаря. Атрибуты
 []


Underfull \hbox (badness 10000) in paragraph at lines 44--44
\TU/TimesNewRoman(0)/m/n/14.4 включают в себя
 []


Underfull \hbox (badness 10000) in paragraph at lines 44--44
\TU/TimesNewRoman(0)/m/n/14.4 наименование пред-
 []


Underfull \hbox (badness 10000) in paragraph at lines 44--44
\TU/TimesNewRoman(0)/m/n/14.4 мета и потребление
 []


Underfull \hbox (badness 10000) in paragraph at lines 44--44
[]|\TU/TimesNewRoman(0)/m/n/14.4 Метод __str__ обес-
 []


Underfull \hbox (badness 10000) in paragraph at lines 44--44
\TU/TimesNewRoman(0)/m/n/14.4 печивает читаемое
 []


Underfull \hbox (badness 2042) in paragraph at lines 44--44
\TU/TimesNewRoman(0)/m/n/14.4 представление объек-
 []


Underfull \hbox (badness 10000) in paragraph at lines 44--44
[]|\TU/TimesNewRoman(0)/m/n/14.4 Класс, представляю-
 []


Underfull \hbox (badness 10000) in paragraph at lines 44--44
\TU/TimesNewRoman(0)/m/n/14.4 щий адрес объекта.
 []


Underfull \hbox (badness 10000) in paragraph at lines 44--44
\TU/TimesNewRoman(0)/m/n/14.4 Атрибуты включают
 []


Underfull \hbox (badness 10000) in paragraph at lines 44--44
\TU/TimesNewRoman(0)/m/n/14.4 в себя город, ули-
 []


Underfull \hbox (badness 10000) in paragraph at lines 44--44
\TU/TimesNewRoman(0)/m/n/14.4 цу, номер дома и
 []


Underfull \hbox (badness 10000) in paragraph at lines 44--44
[]|\TU/TimesNewRoman(0)/m/n/14.4 Метод __str__ обес-
 []


Underfull \hbox (badness 10000) in paragraph at lines 44--44
\TU/TimesNewRoman(0)/m/n/14.4 печивает читаемое
 []


Underfull \hbox (badness 2042) in paragraph at lines 44--44
\TU/TimesNewRoman(0)/m/n/14.4 представление объек-
 []


Underfull \hbox (badness 10000) in paragraph at lines 44--44
[]|\TU/TimesNewRoman(0)/m/n/14.4 Класс, представляю-
 []


Underfull \hbox (badness 2495) in paragraph at lines 44--44
\TU/TimesNewRoman(0)/m/n/14.4 щий улицы. Атрибут
 []


Underfull \hbox (badness 10000) in paragraph at lines 44--44
\TU/TimesNewRoman(0)/m/n/14.4 включает в себя
 []


Underfull \hbox (badness 10000) in paragraph at lines 44--44
[]|\TU/TimesNewRoman(0)/m/n/14.4 Метод __str__ обес-
 []


Underfull \hbox (badness 10000) in paragraph at lines 44--44
\TU/TimesNewRoman(0)/m/n/14.4 печивает читаемое
 []


Underfull \hbox (badness 2042) in paragraph at lines 44--44
\TU/TimesNewRoman(0)/m/n/14.4 представление объек-
 []


Underfull \hbox (badness 10000) in paragraph at lines 44--44
[]|\TU/TimesNewRoman(0)/m/n/14.4 Класс, представляю-
 []


Underfull \hbox (badness 1515) in paragraph at lines 44--44
\TU/TimesNewRoman(0)/m/n/14.4 щий города. Атрибут
 []


Underfull \hbox (badness 10000) in paragraph at lines 44--44
\TU/TimesNewRoman(0)/m/n/14.4 включает в себя
 []


Underfull \hbox (badness 10000) in paragraph at lines 44--44
[]|\TU/TimesNewRoman(0)/m/n/14.4 Метод __str__ обес-
 []


Underfull \hbox (badness 10000) in paragraph at lines 44--44
\TU/TimesNewRoman(0)/m/n/14.4 печивает читаемое
 []


Underfull \hbox (badness 2042) in paragraph at lines 44--44
\TU/TimesNewRoman(0)/m/n/14.4 представление объек-
 []

[52] [53]
Underfull \hbox (badness 10000) in paragraph at lines 52--53
[]\TU/TimesNewRoman(0)/m/n/14.4 Для обеспечения надежности и корректности работ
ы класса
 []


Underfull \hbox (badness 3118) in paragraph at lines 56--59
[]\TU/TimesNewRoman(0)/m/n/14.4 1. Настройка среды тестирования: - Создание тес
тового объекта
 []


Underfull \hbox (badness 2181) in paragraph at lines 60--64
[]\TU/TimesNewRoman(0)/m/n/14.4 2. Проверка метода __str__: - Вызов метода __st
r__ для объекта
 []

[54] [55]
Underfull \hbox (badness 3118) in paragraph at lines 114--117
[]\TU/TimesNewRoman(0)/m/n/14.4 1. Настройка среды тестирования: - Создание тес
тового объекта
 []


Underfull \hbox (badness 2181) in paragraph at lines 118--122
[]\TU/TimesNewRoman(0)/m/n/14.4 2. Проверка метода __str__: - Вызов метода __st
r__ для объекта
 []

[56]
Underfull \hbox (badness 3118) in paragraph at lines 170--173
[]\TU/TimesNewRoman(0)/m/n/14.4 1. Настройка среды тестирования: - Создание тес
тового объекта
 []


Underfull \hbox (badness 2181) in paragraph at lines 174--178
[]\TU/TimesNewRoman(0)/m/n/14.4 2. Проверка метода __str__: - Вызов метода __st
r__ для объекта
 []

[57] [58]
Underfull \hbox (badness 3118) in paragraph at lines 273--276
[]\TU/TimesNewRoman(0)/m/n/14.4 1. Настройка среды тестирования: - Создание тес
тового объекта
 []


Underfull \hbox (badness 2181) in paragraph at lines 277--281
[]\TU/TimesNewRoman(0)/m/n/14.4 2. Проверка метода __str__: - Вызов метода __st
r__ для объекта
 []

[59]
File: images/templ1.eps Graphic file (type eps)
<images/templ1.eps>
File: images/templ2.eps Graphic file (type eps)
<images/templ2.eps>
 [60] [61]
Invalid UTF-8 byte or sequence at line 348 replaced by U+FFFD.
Invalid UTF-8 byte or sequence at line 348 replaced by U+FFFD.
Invalid UTF-8 byte or sequence at line 348 replaced by U+FFFD.
Invalid UTF-8 byte or sequence at line 348 replaced by U+FFFD.
Invalid UTF-8 byte or sequence at line 348 replaced by U+FFFD.
Invalid UTF-8 byte or sequence at line 348 replaced by U+FFFD.
Invalid UTF-8 byte or sequence at line 348 replaced by U+FFFD.
File: images/main1.eps Graphic file (type eps)
<images/main1.eps>
Invalid UTF-8 byte or sequence at line 356 replaced by U+FFFD.
Invalid UTF-8 byte or sequence at line 356 replaced by U+FFFD.
Invalid UTF-8 byte or sequence at line 356 replaced by U+FFFD.
Invalid UTF-8 byte or sequence at line 356 replaced by U+FFFD.
Invalid UTF-8 byte or sequence at line 356 replaced by U+FFFD.
Invalid UTF-8 byte or sequence at line 356 replaced by U+FFFD.
File: images/main2.eps Graphic file (type eps)
<images/main2.eps>
 [62]
Invalid UTF-8 byte or sequence at line 367 replaced by U+FFFD.
Invalid UTF-8 byte or sequence at line 367 replaced by U+FFFD.
Invalid UTF-8 byte or sequence at line 367 replaced by U+FFFD.
Invalid UTF-8 byte or sequence at line 367 replaced by U+FFFD.
Invalid UTF-8 byte or sequence at line 367 replaced by U+FFFD.
Invalid UTF-8 byte or sequence at line 367 replaced by U+FFFD.
Invalid UTF-8 byte or sequence at line 367 replaced by U+FFFD.
File: images/main3.eps Graphic file (type eps)
<images/main3.eps>
Invalid UTF-8 byte or sequence at line 374 replaced by U+FFFD.
Invalid UTF-8 byte or sequence at line 374 replaced by U+FFFD.
Invalid UTF-8 byte or sequence at line 374 replaced by U+FFFD.
Invalid UTF-8 byte or sequence at line 374 replaced by U+FFFD.
Invalid UTF-8 byte or sequence at line 374 replaced by U+FFFD.
Invalid UTF-8 byte or sequence at line 374 replaced by U+FFFD.
Invalid UTF-8 byte or sequence at line 374 replaced by U+FFFD.
Invalid UTF-8 byte or sequence at line 374 replaced by U+FFFD.
File: images/main4.eps Graphic file (type eps)
<images/main4.eps>
 [63] [64]) (Заключение.tex [65


]) (СписокИсточников.tex
[66] [67] [68] [69] [70] [71]
Underfull \hbox (badness 1275) in paragraph at lines 104--105
[]\TU/TimesNewRoman(0)/m/n/14.4 Портер, С. Системы управления энергопотребление
м в зданиях:
 []

[72] [73]) (Плакаты.tex [74] [75]
Invalid UTF-8 byte or sequence at line 12 replaced by U+FFFD.
Invalid UTF-8 byte or sequence at line 12 replaced by U+FFFD.
Invalid UTF-8 byte or sequence at line 12 replaced by U+FFFD.
Invalid UTF-8 byte or sequence at line 12 replaced by U+FFFD.
Invalid UTF-8 byte or sequence at line 12 replaced by U+FFFD.
Invalid UTF-8 byte or sequence at line 12 replaced by U+FFFD.
Invalid UTF-8 byte or sequence at line 12 replaced by U+FFFD.
File: images/1list.eps Graphic file (type eps)
<images/1list.eps>
Invalid UTF-8 byte or sequence at line 18 replaced by U+FFFD.
Invalid UTF-8 byte or sequence at line 18 replaced by U+FFFD.
Invalid UTF-8 byte or sequence at line 18 replaced by U+FFFD.
Invalid UTF-8 byte or sequence at line 18 replaced by U+FFFD.
Invalid UTF-8 byte or sequence at line 18 replaced by U+FFFD.
Invalid UTF-8 byte or sequence at line 18 replaced by U+FFFD.
File: images/2list.eps Graphic file (type eps)
<images/2list.eps>
 [76

]
Invalid UTF-8 byte or sequence at line 24 replaced by U+FFFD.
Invalid UTF-8 byte or sequence at line 24 replaced by U+FFFD.
Invalid UTF-8 byte or sequence at line 24 replaced by U+FFFD.
Invalid UTF-8 byte or sequence at line 24 replaced by U+FFFD.
Invalid UTF-8 byte or sequence at line 24 replaced by U+FFFD.
Invalid UTF-8 byte or sequence at line 24 replaced by U+FFFD.
Invalid UTF-8 byte or sequence at line 24 replaced by U+FFFD.
Invalid UTF-8 byte or sequence at line 24 replaced by U+FFFD.
File: images/3list.eps Graphic file (type eps)
<images/3list.eps>
 [77]
Invalid UTF-8 byte or sequence at line 30 replaced by U+FFFD.
Invalid UTF-8 byte or sequence at line 30 replaced by U+FFFD.
Invalid UTF-8 byte or sequence at line 30 replaced by U+FFFD.
Invalid UTF-8 byte or sequence at line 30 replaced by U+FFFD.
Invalid UTF-8 byte or sequence at line 30 replaced by U+FFFD.
Invalid UTF-8 byte or sequence at line 30 replaced by U+FFFD.
Invalid UTF-8 byte or sequence at line 30 replaced by U+FFFD.
Invalid UTF-8 byte or sequence at line 30 replaced by U+FFFD.
File: images/4list.eps Graphic file (type eps)
<images/4list.eps>
 [78]
Invalid UTF-8 byte or sequence at line 36 replaced by U+FFFD.
Invalid UTF-8 byte or sequence at line 36 replaced by U+FFFD.
Invalid UTF-8 byte or sequence at line 36 replaced by U+FFFD.
Invalid UTF-8 byte or sequence at line 36 replaced by U+FFFD.
Invalid UTF-8 byte or sequence at line 36 replaced by U+FFFD.
Invalid UTF-8 byte or sequence at line 36 replaced by U+FFFD.
Invalid UTF-8 byte or sequence at line 36 replaced by U+FFFD.
Invalid UTF-8 byte or sequence at line 36 replaced by U+FFFD.
Invalid UTF-8 byte or sequence at line 36 replaced by U+FFFD.
File: images/5list.eps Graphic file (type eps)
<images/5list.eps>
 [79]
Invalid UTF-8 byte or sequence at line 42 replaced by U+FFFD.
Invalid UTF-8 byte or sequence at line 42 replaced by U+FFFD.
Invalid UTF-8 byte or sequence at line 42 replaced by U+FFFD.
Invalid UTF-8 byte or sequence at line 42 replaced by U+FFFD.
Invalid UTF-8 byte or sequence at line 42 replaced by U+FFFD.
Invalid UTF-8 byte or sequence at line 42 replaced by U+FFFD.
Invalid UTF-8 byte or sequence at line 42 replaced by U+FFFD.
Invalid UTF-8 byte or sequence at line 42 replaced by U+FFFD.
File: images/6list.eps Graphic file (type eps)
<images/6list.eps>
 [80]
Invalid UTF-8 byte or sequence at line 48 replaced by U+FFFD.
Invalid UTF-8 byte or sequence at line 48 replaced by U+FFFD.
Invalid UTF-8 byte or sequence at line 48 replaced by U+FFFD.
Invalid UTF-8 byte or sequence at line 48 replaced by U+FFFD.
Invalid UTF-8 byte or sequence at line 48 replaced by U+FFFD.
Invalid UTF-8 byte or sequence at line 48 replaced by U+FFFD.
Invalid UTF-8 byte or sequence at line 48 replaced by U+FFFD.
Invalid UTF-8 byte or sequence at line 48 replaced by U+FFFD.
File: images/7list.eps Graphic file (type eps)
<images/7list.eps>
 [81]
Invalid UTF-8 byte or sequence at line 55 replaced by U+FFFD.
Invalid UTF-8 byte or sequence at line 55 replaced by U+FFFD.
Invalid UTF-8 byte or sequence at line 55 replaced by U+FFFD.
Invalid UTF-8 byte or sequence at line 55 replaced by U+FFFD.
Invalid UTF-8 byte or sequence at line 55 replaced by U+FFFD.
Invalid UTF-8 byte or sequence at line 55 replaced by U+FFFD.
Invalid UTF-8 byte or sequence at line 55 replaced by U+FFFD.
Invalid UTF-8 byte or sequence at line 55 replaced by U+FFFD.
Invalid UTF-8 byte or sequence at line 55 replaced by U+FFFD.
File: images/8list.eps Graphic file (type eps)
<images/8list.eps>
 [82]
Invalid UTF-8 byte or sequence at line 62 replaced by U+FFFD.
Invalid UTF-8 byte or sequence at line 62 replaced by U+FFFD.
Invalid UTF-8 byte or sequence at line 62 replaced by U+FFFD.
Invalid UTF-8 byte or sequence at line 62 replaced by U+FFFD.
Invalid UTF-8 byte or sequence at line 62 replaced by U+FFFD.
Invalid UTF-8 byte or sequence at line 62 replaced by U+FFFD.
File: images/9list.eps Graphic file (type eps)
<images/9list.eps>
 [83]
Invalid UTF-8 byte or sequence at line 69 replaced by U+FFFD.
Invalid UTF-8 byte or sequence at line 69 replaced by U+FFFD.
Invalid UTF-8 byte or sequence at line 69 replaced by U+FFFD.
Invalid UTF-8 byte or sequence at line 69 replaced by U+FFFD.
Invalid UTF-8 byte or sequence at line 69 replaced by U+FFFD.
Invalid UTF-8 byte or sequence at line 69 replaced by U+FFFD.
Invalid UTF-8 byte or sequence at line 69 replaced by U+FFFD.
Invalid UTF-8 byte or sequence at line 69 replaced by U+FFFD.
File: images/10list.eps Graphic file (type eps)
<images/10list.eps>

[84]
Invalid UTF-8 byte or sequence at line 75 replaced by U+FFFD.
Invalid UTF-8 byte or sequence at line 75 replaced by U+FFFD.
Invalid UTF-8 byte or sequence at line 75 replaced by U+FFFD.
Invalid UTF-8 byte or sequence at line 75 replaced by U+FFFD.
Invalid UTF-8 byte or sequence at line 75 replaced by U+FFFD.
Invalid UTF-8 byte or sequence at line 75 replaced by U+FFFD.
Invalid UTF-8 byte or sequence at line 75 replaced by U+FFFD.
Invalid UTF-8 byte or sequence at line 75 replaced by U+FFFD.
File: images/11list.eps Graphic file (type eps)
<images/11list.eps>
 [85]
Invalid UTF-8 byte or sequence at line 81 replaced by U+FFFD.
Invalid UTF-8 byte or sequence at line 81 replaced by U+FFFD.
Invalid UTF-8 byte or sequence at line 81 replaced by U+FFFD.
Invalid UTF-8 byte or sequence at line 81 replaced by U+FFFD.
Invalid UTF-8 byte or sequence at line 81 replaced by U+FFFD.
Invalid UTF-8 byte or sequence at line 81 replaced by U+FFFD.
Invalid UTF-8 byte or sequence at line 81 replaced by U+FFFD.
Invalid UTF-8 byte or sequence at line 81 replaced by U+FFFD.
Invalid UTF-8 byte or sequence at line 81 replaced by U+FFFD.
File: images/12list.eps Graphic file (type eps)
<images/12list.eps>
 [86]
Invalid UTF-8 byte or sequence at line 87 replaced by U+FFFD.
Invalid UTF-8 byte or sequence at line 87 replaced by U+FFFD.
Invalid UTF-8 byte or sequence at line 87 replaced by U+FFFD.
Invalid UTF-8 byte or sequence at line 87 replaced by U+FFFD.
Invalid UTF-8 byte or sequence at line 87 replaced by U+FFFD.
Invalid UTF-8 byte or sequence at line 87 replaced by U+FFFD.
File: images/13list.eps Graphic file (type eps)
<images/13list.eps>
 [87]
Invalid UTF-8 byte or sequence at line 93 replaced by U+FFFD.
Invalid UTF-8 byte or sequence at line 93 replaced by U+FFFD.
Invalid UTF-8 byte or sequence at line 93 replaced by U+FFFD.
Invalid UTF-8 byte or sequence at line 93 replaced by U+FFFD.
Invalid UTF-8 byte or sequence at line 93 replaced by U+FFFD.
Invalid UTF-8 byte or sequence at line 93 replaced by U+FFFD.
File: images/14list.eps Graphic file (type eps)
<images/14list.eps>
 [88]
Invalid UTF-8 byte or sequence at line 99 replaced by U+FFFD.
Invalid UTF-8 byte or sequence at line 99 replaced by U+FFFD.
Invalid UTF-8 byte or sequence at line 99 replaced by U+FFFD.
Invalid UTF-8 byte or sequence at line 99 replaced by U+FFFD.
Invalid UTF-8 byte or sequence at line 99 replaced by U+FFFD.
Invalid UTF-8 byte or sequence at line 99 replaced by U+FFFD.
Invalid UTF-8 byte or sequence at line 99 replaced by U+FFFD.
Invalid UTF-8 byte or sequence at line 99 replaced by U+FFFD.
Invalid UTF-8 byte or sequence at line 99 replaced by U+FFFD.
File: images/15list.eps Graphic file (type eps)
<images/15list.eps>
 [89] [90]) (Код.tex
(C:\Users\SadCat\AppData\Local\Programs\MiKTeX\tex/latex/listings\lstlang1.sty
File: lstlang1.sty 2023/02/27 1.9 listings language file
) (C:\Users\SadCat\AppData\Local\Programs\MiKTeX\tex/latex/listings\lstlang2.st
y
File: lstlang2.sty 2023/02/27 1.9 listings language file
)
(C:\Users\SadCat\AppData\Local\Programs\MiKTeX\tex/latex/listings\lstlang3.sty
File: lstlang3.sty 2023/02/27 1.9 listings language file
) (C:\Users\SadCat\AppData\Local\Programs\MiKTeX\tex/latex/listings\lstlang1.st
y
File: lstlang1.sty 2023/02/27 1.9 listings language file
)
(C:\Users\SadCat\AppData\Local\Programs\MiKTeX\tex/latex/listings\lstlang2.sty
File: lstlang2.sty 2023/02/27 1.9 listings language file
) (C:\Users\SadCat\AppData\Local\Programs\MiKTeX\tex/latex/listings\lstlang3.st
y
File: lstlang3.sty 2023/02/27 1.9 listings language file
)
(C:\Users\SadCat\AppData\Local\Programs\MiKTeX\tex/latex/listings\lstlang1.sty
File: lstlang1.sty 2023/02/27 1.9 listings language file
) (C:\Users\SadCat\AppData\Local\Programs\MiKTeX\tex/latex/listings\lstlang2.st
y
File: lstlang2.sty 2023/02/27 1.9 listings language file
)
(C:\Users\SadCat\AppData\Local\Programs\MiKTeX\tex/latex/listings\lstlang3.sty
File: lstlang3.sty 2023/02/27 1.9 listings language file
) (C:\Users\SadCat\AppData\Local\Programs\MiKTeX\tex/latex/listings\lstmisc.sty
File: lstmisc.sty 2023/02/27 1.9 (Carsten Heinz)
)
Package hyperref Info: bookmark level for unknown lstlisting defaults to 0 on i
nput line 4.
(models.py [91

] [92] [93] [94] [95] [96] [97]) [98]) [99] (main.aux)
 ***********
LaTeX2e <2023-06-01> patch level 1
L3 programming layer <2023-08-29>
 ***********


LaTeX Warning: There were multiply-defined labels.


Package rerunfilecheck Warning: File `main.out' has changed.
(rerunfilecheck)                Rerun to get outlines right
(rerunfilecheck)                or use package `bookmark'.

Package rerunfilecheck Info: Checksums for `main.out':
(rerunfilecheck)             Before: D4D87D538B5B68924DEC11CD33978D6E;14427
(rerunfilecheck)             After:  B04ABBF9ACEE92D628E16D1D4E319502;14427.
 ) 
Here is how much of TeX's memory you used:
 18671 strings out of 410379
 345464 string characters out of 5787848
 2162416 words of memory out of 5000000
 39739 multiletter control sequences out of 15000+600000
 559598 words of font info for 72 fonts, out of 8000000 for 9000
 1348 hyphenation exceptions out of 8191
 99i,11n,110p,827b,2942s stack positions out of 10000i,1000n,20000p,200000b,200000s

Output written on main.pdf (99 pages).
